<?xml version="1.0" encoding="UTF-8"?>
<testsuite name="com.example.productcompositeservice.ProductCompositeServiceApplicationTests" tests="1" skipped="0" failures="0" errors="0" timestamp="2024-05-05T11:09:28" hostname="DESKTOP-7Q58NQ2" time="0.959">
  <properties/>
  <testcase name="contextLoads()" classname="com.example.productcompositeservice.ProductCompositeServiceApplicationTests" time="0.959"/>
  <system-out><![CDATA[16:39:25.297 [Test worker] INFO org.springframework.test.context.support.AnnotationConfigContextLoaderUtils -- Could not detect default configuration classes for test class [com.example.productcompositeservice.ProductCompositeServiceApplicationTests]: ProductCompositeServiceApplicationTests does not declare any static, non-private, non-final, nested classes annotated with @Configuration.
16:39:25.479 [Test worker] INFO org.springframework.boot.test.context.SpringBootTestContextBootstrapper -- Found @SpringBootConfiguration com.example.productcompositeservice.ProductCompositeServiceApplication for test class com.example.productcompositeservice.ProductCompositeServiceApplicationTests

  .   ____          _            __ _ _
 /\\ / ___'_ __ _ _(_)_ __  __ _ \ \ \ \
( ( )\___ | '_ | '_| | '_ \/ _` | \ \ \ \
 \\/  ___)| |_)| | | | | || (_| |  ) ) ) )
  '  |____| .__|_| |_|_| |_\__, | / / / /
 =========|_|==============|___/=/_/_/_/
 :: Spring Boot ::                (v3.2.5)

2024-05-05T16:39:26.204+05:30  INFO 460 --- [product-composite-service] [    Test worker] .ProductCompositeServiceApplicationTests : Starting ProductCompositeServiceApplicationTests using Java 17.0.7 with PID 460 (started by manis in C:\src\pratibha_mono_repo\spring_boot\microservices\product-composite-service)
2024-05-05T16:39:26.206+05:30  INFO 460 --- [product-composite-service] [    Test worker] .ProductCompositeServiceApplicationTests : No active profile set, falling back to 1 default profile: "default"
2024-05-05T16:39:28.166+05:30  INFO 460 --- [product-composite-service] [    Test worker] .ProductCompositeServiceApplicationTests : Started ProductCompositeServiceApplicationTests in 2.324 seconds (process running for 4.297)
]]></system-out>
  <system-err><![CDATA[]]></system-err>
</testsuite>
